<?xml version="1.0" encoding="UTF-8"?>
<testsuites>
  <testsuite name="Project Test Suite" tests="8" assertions="7" errors="1" failures="1" skipped="0" time="28.148528">
    <testsuite name="App\Tests\PartenaireControllerTest" file="/home/dmg/Documents/Sonatel Academy/Projet Transfert DMG/tests/PartenaireControllerTest.php" tests="3" assertions="2" errors="1" failures="1" skipped="0" time="25.210771">
      <testcase name="testAjoutPartenaire" class="App\Tests\PartenaireControllerTest" classname="App.Tests.PartenaireControllerTest" file="/home/dmg/Documents/Sonatel Academy/Projet Transfert DMG/tests/PartenaireControllerTest.php" line="10" assertions="1" time="22.313553"/>
      <testcase name="testAjoutCompte" class="App\Tests\PartenaireControllerTest" classname="App.Tests.PartenaireControllerTest" file="/home/dmg/Documents/Sonatel Academy/Projet Transfert DMG/tests/PartenaireControllerTest.php" line="31" assertions="1" time="2.309213">
        <failure type="PHPUnit\Framework\ExpectationFailedException">App\Tests\PartenaireControllerTest::testAjoutCompte
Failed asserting that 500 is identical to 201.

/home/dmg/Documents/Sonatel Academy/Projet Transfert DMG/tests/PartenaireControllerTest.php:50
</failure>
        <system-out>/home/dmg/Documents/Sonatel Academy/Projet Transfert DMG/tests/PartenaireControllerTest.php:49:
class Symfony\Component\HttpFoundation\Response#2370 (6) {
  public $headers =&gt;
  class Symfony\Component\HttpFoundation\ResponseHeaderBag#6603 (5) {
    protected $computedCacheControl =&gt;
    array(2) {
      'no-cache' =&gt;
      bool(true)
      'private' =&gt;
      bool(true)
    }
    protected $cookies =&gt;
    array(0) {
    }
    protected $headerNames =&gt;
    array(5) {
      'content-type' =&gt;
      string(12) "Content-Type"
      'cache-control' =&gt;
      string(13) "Cache-Control"
      'date' =&gt;
      string(4) "Date"
      'x-robots-tag' =&gt;
      string(12) "X-Robots-Tag"
      'link' =&gt;
      string(4) "Link"
    }
    protected $headers =&gt;
    array(5) {
      'content-type' =&gt;
      array(1) {
        ...
      }
      'cache-control' =&gt;
      array(1) {
        ...
      }
      'date' =&gt;
      array(1) {
        ...
      }
      'x-robots-tag' =&gt;
      array(1) {
        ...
      }
      'link' =&gt;
      array(1) {
        ...
      }
    }
    protected $cacheControl =&gt;
    array(0) {
    }
  }
  protected $content =&gt;
  string(211925) "&lt;!DOCTYPE html&gt;
&lt;html&gt;
    &lt;head&gt;
        &lt;meta charset="UTF-8" /&gt;
        &lt;meta name="robots" content="noindex,nofollow" /&gt;
        &lt;meta name="viewport" content="width=device-width,initial-scale=1" /&gt;
        &lt;title&gt;    The token storage contains no authentication token. One possible reason may be that there is no firewall configured for this URL. (500 Internal Server Error)
&lt;/title&gt;
        &lt;link rel="icon" type="image/png" href="data:image/png;base64,iVBORw0KGgoAAAANSUhEUgAAABwAAAAgCAYAAAABtRhCAAADVUlEQ"...
  protected $version =&gt;
  string(3) "1.1"
  protected $statusCode =&gt;
  int(500)
  protected $statusText =&gt;
  string(21) "Internal Server Error"
  protected $charset =&gt;
  string(5) "UTF-8"
}
</system-out>
      </testcase>
      <testcase name="testAjoutDepot" class="App\Tests\PartenaireControllerTest" classname="App.Tests.PartenaireControllerTest" file="/home/dmg/Documents/Sonatel Academy/Projet Transfert DMG/tests/PartenaireControllerTest.php" line="54" assertions="0" time="0.588005">
        <error type="Error">App\Tests\PartenaireControllerTest::testAjoutDepot
Error: Call to a member function setSolde() on null

/home/dmg/Documents/Sonatel Academy/Projet Transfert DMG/src/Controller/DepotController.php:49
/home/dmg/Documents/Sonatel Academy/Projet Transfert DMG/vendor/symfony/http-kernel/HttpKernel.php:151
/home/dmg/Documents/Sonatel Academy/Projet Transfert DMG/vendor/symfony/http-kernel/HttpKernel.php:68
/home/dmg/Documents/Sonatel Academy/Projet Transfert DMG/vendor/symfony/http-kernel/Kernel.php:198
/home/dmg/Documents/Sonatel Academy/Projet Transfert DMG/vendor/symfony/http-kernel/Client.php:65
/home/dmg/Documents/Sonatel Academy/Projet Transfert DMG/vendor/symfony/framework-bundle/Client.php:131
/home/dmg/Documents/Sonatel Academy/Projet Transfert DMG/vendor/symfony/browser-kit/Client.php:407
/home/dmg/Documents/Sonatel Academy/Projet Transfert DMG/tests/PartenaireControllerTest.php:63
</error>
      </testcase>
    </testsuite>
    <testsuite name="App\Tests\UtilisateurControllerTest" file="/home/dmg/Documents/Sonatel Academy/Projet Transfert DMG/tests/UtilisateurControllerTest.php" tests="5" assertions="5" errors="0" failures="0" skipped="0" time="2.937757">
      <testcase name="testNew" class="App\Tests\UtilisateurControllerTest" classname="App.Tests.UtilisateurControllerTest" file="/home/dmg/Documents/Sonatel Academy/Projet Transfert DMG/tests/UtilisateurControllerTest.php" line="10" assertions="1" time="0.912045">
        <system-out>/home/dmg/Documents/Sonatel Academy/Projet Transfert DMG/tests/UtilisateurControllerTest.php:34:
class Symfony\Component\HttpFoundation\Response#7922 (6) {
  public $headers =&gt;
  class Symfony\Component\HttpFoundation\ResponseHeaderBag#9778 (5) {
    protected $computedCacheControl =&gt;
    array(2) {
      'no-cache' =&gt;
      bool(true)
      'private' =&gt;
      bool(true)
    }
    protected $cookies =&gt;
    array(0) {
    }
    protected $headerNames =&gt;
    array(5) {
      'cache-control' =&gt;
      string(13) "Cache-Control"
      'date' =&gt;
      string(4) "Date"
      'content-type' =&gt;
      string(12) "Content-Type"
      'link' =&gt;
      string(4) "Link"
      'x-robots-tag' =&gt;
      string(12) "X-Robots-Tag"
    }
    protected $headers =&gt;
    array(5) {
      'cache-control' =&gt;
      array(1) {
        ...
      }
      'date' =&gt;
      array(1) {
        ...
      }
      'content-type' =&gt;
      array(1) {
        ...
      }
      'link' =&gt;
      array(1) {
        ...
      }
      'x-robots-tag' =&gt;
      array(1) {
        ...
      }
    }
    protected $cacheControl =&gt;
    array(0) {
    }
  }
  protected $content =&gt;
  string(18) "Administra ajouter"
  protected $version =&gt;
  string(3) "1.1"
  protected $statusCode =&gt;
  int(201)
  protected $statusText =&gt;
  string(7) "Created"
  protected $charset =&gt;
  string(5) "UTF-8"
}
</system-out>
      </testcase>
      <testcase name="testNewadmin" class="App\Tests\UtilisateurControllerTest" classname="App.Tests.UtilisateurControllerTest" file="/home/dmg/Documents/Sonatel Academy/Projet Transfert DMG/tests/UtilisateurControllerTest.php" line="38" assertions="1" time="0.716616">
        <system-out>/home/dmg/Documents/Sonatel Academy/Projet Transfert DMG/tests/UtilisateurControllerTest.php:60:
class Symfony\Component\HttpFoundation\Response#5406 (6) {
  public $headers =&gt;
  class Symfony\Component\HttpFoundation\ResponseHeaderBag#6338 (5) {
    protected $computedCacheControl =&gt;
    array(2) {
      'no-cache' =&gt;
      bool(true)
      'private' =&gt;
      bool(true)
    }
    protected $cookies =&gt;
    array(0) {
    }
    protected $headerNames =&gt;
    array(5) {
      'cache-control' =&gt;
      string(13) "Cache-Control"
      'date' =&gt;
      string(4) "Date"
      'content-type' =&gt;
      string(12) "Content-Type"
      'link' =&gt;
      string(4) "Link"
      'x-robots-tag' =&gt;
      string(12) "X-Robots-Tag"
    }
    protected $headers =&gt;
    array(5) {
      'cache-control' =&gt;
      array(1) {
        ...
      }
      'date' =&gt;
      array(1) {
        ...
      }
      'content-type' =&gt;
      array(1) {
        ...
      }
      'link' =&gt;
      array(1) {
        ...
      }
      'x-robots-tag' =&gt;
      array(1) {
        ...
      }
    }
    protected $cacheControl =&gt;
    array(0) {
    }
  }
  protected $content =&gt;
  string(19) "Utilisateur ajouter"
  protected $version =&gt;
  string(3) "1.1"
  protected $statusCode =&gt;
  int(201)
  protected $statusText =&gt;
  string(7) "Created"
  protected $charset =&gt;
  string(5) "UTF-8"
}
</system-out>
      </testcase>
      <testcase name="testLogin" class="App\Tests\UtilisateurControllerTest" classname="App.Tests.UtilisateurControllerTest" file="/home/dmg/Documents/Sonatel Academy/Projet Transfert DMG/tests/UtilisateurControllerTest.php" line="64" assertions="1" time="0.581713">
        <system-out>/home/dmg/Documents/Sonatel Academy/Projet Transfert DMG/tests/UtilisateurControllerTest.php:81:
class Lexik\Bundle\JWTAuthenticationBundle\Response\JWTAuthenticationSuccessResponse#1074 (9) {
  protected $data =&gt;
  string(857) "{"token":"eyJ0eXAiOiJKV1QiLCJhbGciOiJSUzI1NiJ9.eyJpYXQiOjE1NjQ3OTI2NjYsImV4cCI6MTU2NDc5NjI2Niwicm9sZXMiOlsiUk9MRV9TVVBFUkFETUlOIiwiUk9MRV9BRE1JTiJdLCJ1c2VybmFtZSI6ImRtZyJ9.lvcdrFIpyevCezFaDfUn4dHcFgvaOh_F3xlnAuEtLsDglp-IXNTCd2RAeTgAqyDjeUmaXo65vsPb2J9sS2at9aX_QEM244608--ngL295z_VVzx6qiikZHzcOKWBZx8Ne8OYN65C6B8ySPQSLOMEHD52BK_u1zCk4TQ2VMkMvQOrtNT2TG7uMTyNwXutSsdstiweD6R9FPAEKTTqORUQImvyrzZZr1v2VapRL7pcLg-sJ6rKalPPVuyy66gL9U281s1kLt4nJYmycHCQnLYds5gbmpkK_jAyNWbdIQ_b6N-ROa2tFN8bwjapiX3Y5IbhwRXkhvnO1lfVgqSLlwkR"...
  protected $callback =&gt;
  NULL
  protected $encodingOptions =&gt;
  int(15)
  public $headers =&gt;
  class Symfony\Component\HttpFoundation\ResponseHeaderBag#3630 (5) {
    protected $computedCacheControl =&gt;
    array(2) {
      'no-cache' =&gt;
      bool(true)
      'private' =&gt;
      bool(true)
    }
    protected $cookies =&gt;
    array(0) {
    }
    protected $headerNames =&gt;
    array(5) {
      'cache-control' =&gt;
      string(13) "Cache-Control"
      'date' =&gt;
      string(4) "Date"
      'content-type' =&gt;
      string(12) "Content-Type"
      'link' =&gt;
      string(4) "Link"
      'x-robots-tag' =&gt;
      string(12) "X-Robots-Tag"
    }
    protected $headers =&gt;
    array(5) {
      'cache-control' =&gt;
      array(1) {
        ...
      }
      'date' =&gt;
      array(1) {
        ...
      }
      'content-type' =&gt;
      array(1) {
        ...
      }
      'link' =&gt;
      array(1) {
        ...
      }
      'x-robots-tag' =&gt;
      array(1) {
        ...
      }
    }
    protected $cacheControl =&gt;
    array(0) {
    }
  }
  protected $content =&gt;
  string(857) "{"token":"eyJ0eXAiOiJKV1QiLCJhbGciOiJSUzI1NiJ9.eyJpYXQiOjE1NjQ3OTI2NjYsImV4cCI6MTU2NDc5NjI2Niwicm9sZXMiOlsiUk9MRV9TVVBFUkFETUlOIiwiUk9MRV9BRE1JTiJdLCJ1c2VybmFtZSI6ImRtZyJ9.lvcdrFIpyevCezFaDfUn4dHcFgvaOh_F3xlnAuEtLsDglp-IXNTCd2RAeTgAqyDjeUmaXo65vsPb2J9sS2at9aX_QEM244608--ngL295z_VVzx6qiikZHzcOKWBZx8Ne8OYN65C6B8ySPQSLOMEHD52BK_u1zCk4TQ2VMkMvQOrtNT2TG7uMTyNwXutSsdstiweD6R9FPAEKTTqORUQImvyrzZZr1v2VapRL7pcLg-sJ6rKalPPVuyy66gL9U281s1kLt4nJYmycHCQnLYds5gbmpkK_jAyNWbdIQ_b6N-ROa2tFN8bwjapiX3Y5IbhwRXkhvnO1lfVgqSLlwkR"...
  protected $version =&gt;
  string(3) "1.1"
  protected $statusCode =&gt;
  int(200)
  protected $statusText =&gt;
  string(2) "OK"
  protected $charset =&gt;
  string(5) "UTF-8"
}
</system-out>
      </testcase>
      <testcase name="testLoginKO" class="App\Tests\UtilisateurControllerTest" classname="App.Tests.UtilisateurControllerTest" file="/home/dmg/Documents/Sonatel Academy/Projet Transfert DMG/tests/UtilisateurControllerTest.php" line="84" assertions="1" time="0.163601">
        <system-out>/home/dmg/Documents/Sonatel Academy/Projet Transfert DMG/tests/UtilisateurControllerTest.php:101:
class Lexik\Bundle\JWTAuthenticationBundle\Response\JWTAuthenticationFailureResponse#6653 (10) {
  private $message =&gt;
  string(15) "Bad credentials"
  protected $data =&gt;
  string(40) "{"code":401,"message":"Bad credentials"}"
  protected $callback =&gt;
  NULL
  protected $encodingOptions =&gt;
  int(15)
  public $headers =&gt;
  class Symfony\Component\HttpFoundation\ResponseHeaderBag#7332 (5) {
    protected $computedCacheControl =&gt;
    array(2) {
      'no-cache' =&gt;
      bool(true)
      'private' =&gt;
      bool(true)
    }
    protected $cookies =&gt;
    array(0) {
    }
    protected $headerNames =&gt;
    array(6) {
      'www-authenticate' =&gt;
      string(16) "WWW-Authenticate"
      'cache-control' =&gt;
      string(13) "Cache-Control"
      'date' =&gt;
      string(4) "Date"
      'content-type' =&gt;
      string(12) "Content-Type"
      'link' =&gt;
      string(4) "Link"
      'x-robots-tag' =&gt;
      string(12) "X-Robots-Tag"
    }
    protected $headers =&gt;
    array(6) {
      'www-authenticate' =&gt;
      array(1) {
        ...
      }
      'cache-control' =&gt;
      array(1) {
        ...
      }
      'date' =&gt;
      array(1) {
        ...
      }
      'content-type' =&gt;
      array(1) {
        ...
      }
      'link' =&gt;
      array(1) {
        ...
      }
      'x-robots-tag' =&gt;
      array(1) {
        ...
      }
    }
    protected $cacheControl =&gt;
    array(0) {
    }
  }
  protected $content =&gt;
  string(40) "{"code":401,"message":"Bad credentials"}"
  protected $version =&gt;
  string(3) "1.1"
  protected $statusCode =&gt;
  int(401)
  protected $statusText =&gt;
  string(12) "Unauthorized"
  protected $charset =&gt;
  string(5) "UTF-8"
}
</system-out>
      </testcase>
      <testcase name="testRegister" class="App\Tests\UtilisateurControllerTest" classname="App.Tests.UtilisateurControllerTest" file="/home/dmg/Documents/Sonatel Academy/Projet Transfert DMG/tests/UtilisateurControllerTest.php" line="105" assertions="1" time="0.563782">
        <system-out>/home/dmg/Documents/Sonatel Academy/Projet Transfert DMG/tests/UtilisateurControllerTest.php:127:
class Symfony\Component\HttpFoundation\JsonResponse#6142 (9) {
  protected $data =&gt;
  string(76) "{"status":201,"message":"L\u0027utilisateur a \u00e9t\u00e9 cr\u00e9\u00e9"}"
  protected $callback =&gt;
  NULL
  protected $encodingOptions =&gt;
  int(15)
  public $headers =&gt;
  class Symfony\Component\HttpFoundation\ResponseHeaderBag#140 (5) {
    protected $computedCacheControl =&gt;
    array(2) {
      'no-cache' =&gt;
      bool(true)
      'private' =&gt;
      bool(true)
    }
    protected $cookies =&gt;
    array(0) {
    }
    protected $headerNames =&gt;
    array(5) {
      'cache-control' =&gt;
      string(13) "Cache-Control"
      'date' =&gt;
      string(4) "Date"
      'content-type' =&gt;
      string(12) "Content-Type"
      'link' =&gt;
      string(4) "Link"
      'x-robots-tag' =&gt;
      string(12) "X-Robots-Tag"
    }
    protected $headers =&gt;
    array(5) {
      'cache-control' =&gt;
      array(1) {
        ...
      }
      'date' =&gt;
      array(1) {
        ...
      }
      'content-type' =&gt;
      array(1) {
        ...
      }
      'link' =&gt;
      array(1) {
        ...
      }
      'x-robots-tag' =&gt;
      array(1) {
        ...
      }
    }
    protected $cacheControl =&gt;
    array(0) {
    }
  }
  protected $content =&gt;
  string(76) "{"status":201,"message":"L\u0027utilisateur a \u00e9t\u00e9 cr\u00e9\u00e9"}"
  protected $version =&gt;
  string(3) "1.1"
  protected $statusCode =&gt;
  int(201)
  protected $statusText =&gt;
  string(7) "Created"
  protected $charset =&gt;
  string(5) "UTF-8"
}
</system-out>
      </testcase>
    </testsuite>
  </testsuite>
</testsuites>
