<?xml version="1.0" encoding="UTF-8"?>
<testsuites>
  <testsuite name="Project Test Suite" tests="5" assertions="5" errors="0" failures="0" skipped="0" time="3.746075">
    <testsuite name="App\Tests\UtilisateurControllerTest" file="/home/dmg/Documents/Sonatel Academy/KGtranfert/tests/UtilisateurControllerTest.php" tests="5" assertions="5" errors="0" failures="0" skipped="0" time="3.746075">
      <testcase name="testNew" class="App\Tests\UtilisateurControllerTest" classname="App.Tests.UtilisateurControllerTest" file="/home/dmg/Documents/Sonatel Academy/KGtranfert/tests/UtilisateurControllerTest.php" line="10" assertions="1" time="1.407677">
        <system-out>/home/dmg/Documents/Sonatel Academy/KGtranfert/tests/UtilisateurControllerTest.php:32:
class Symfony\Component\HttpFoundation\Response#7556 (6) {
  public $headers =&gt;
  class Symfony\Component\HttpFoundation\ResponseHeaderBag#7512 (5) {
    protected $computedCacheControl =&gt;
    array(2) {
      'no-cache' =&gt;
      bool(true)
      'private' =&gt;
      bool(true)
    }
    protected $cookies =&gt;
    array(0) {
    }
    protected $headerNames =&gt;
    array(5) {
      'cache-control' =&gt;
      string(13) "Cache-Control"
      'date' =&gt;
      string(4) "Date"
      'content-type' =&gt;
      string(12) "Content-Type"
      'link' =&gt;
      string(4) "Link"
      'x-robots-tag' =&gt;
      string(12) "X-Robots-Tag"
    }
    protected $headers =&gt;
    array(5) {
      'cache-control' =&gt;
      array(1) {
        ...
      }
      'date' =&gt;
      array(1) {
        ...
      }
      'content-type' =&gt;
      array(1) {
        ...
      }
      'link' =&gt;
      array(1) {
        ...
      }
      'x-robots-tag' =&gt;
      array(1) {
        ...
      }
    }
    protected $cacheControl =&gt;
    array(0) {
    }
  }
  protected $content =&gt;
  string(18) "Administra ajouter"
  protected $version =&gt;
  string(3) "1.1"
  protected $statusCode =&gt;
  int(201)
  protected $statusText =&gt;
  string(7) "Created"
  protected $charset =&gt;
  string(5) "UTF-8"
}
</system-out>
      </testcase>
      <testcase name="testNewadmin" class="App\Tests\UtilisateurControllerTest" classname="App.Tests.UtilisateurControllerTest" file="/home/dmg/Documents/Sonatel Academy/KGtranfert/tests/UtilisateurControllerTest.php" line="36" assertions="1" time="1.012405">
        <system-out>/home/dmg/Documents/Sonatel Academy/KGtranfert/tests/UtilisateurControllerTest.php:57:
class Symfony\Component\HttpFoundation\Response#8395 (6) {
  public $headers =&gt;
  class Symfony\Component\HttpFoundation\ResponseHeaderBag#8578 (5) {
    protected $computedCacheControl =&gt;
    array(2) {
      'no-cache' =&gt;
      bool(true)
      'private' =&gt;
      bool(true)
    }
    protected $cookies =&gt;
    array(0) {
    }
    protected $headerNames =&gt;
    array(5) {
      'cache-control' =&gt;
      string(13) "Cache-Control"
      'date' =&gt;
      string(4) "Date"
      'content-type' =&gt;
      string(12) "Content-Type"
      'link' =&gt;
      string(4) "Link"
      'x-robots-tag' =&gt;
      string(12) "X-Robots-Tag"
    }
    protected $headers =&gt;
    array(5) {
      'cache-control' =&gt;
      array(1) {
        ...
      }
      'date' =&gt;
      array(1) {
        ...
      }
      'content-type' =&gt;
      array(1) {
        ...
      }
      'link' =&gt;
      array(1) {
        ...
      }
      'x-robots-tag' =&gt;
      array(1) {
        ...
      }
    }
    protected $cacheControl =&gt;
    array(0) {
    }
  }
  protected $content =&gt;
  string(19) "Utilisateur ajouter"
  protected $version =&gt;
  string(3) "1.1"
  protected $statusCode =&gt;
  int(201)
  protected $statusText =&gt;
  string(7) "Created"
  protected $charset =&gt;
  string(5) "UTF-8"
}
</system-out>
      </testcase>
      <testcase name="testLogin" class="App\Tests\UtilisateurControllerTest" classname="App.Tests.UtilisateurControllerTest" file="/home/dmg/Documents/Sonatel Academy/KGtranfert/tests/UtilisateurControllerTest.php" line="60" assertions="1" time="0.405777">
        <system-out>/home/dmg/Documents/Sonatel Academy/KGtranfert/tests/UtilisateurControllerTest.php:77:
class Lexik\Bundle\JWTAuthenticationBundle\Response\JWTAuthenticationSuccessResponse#141 (9) {
  protected $data =&gt;
  string(857) "{"token":"eyJ0eXAiOiJKV1QiLCJhbGciOiJSUzI1NiJ9.eyJpYXQiOjE1NjQ1NzIwMDksImV4cCI6MTU2NDU3NTYwOSwicm9sZXMiOlsiUk9MRV9TVVBFUkFETUlOIiwiUk9MRV9BRE1JTiJdLCJ1c2VybmFtZSI6Im1hayJ9.LQdLaKsa-UbYIPCBFPbTk5B5BQ0t_kLLiYZqtz7CC_W2neWmSqp6nYVlNqq0BKIQhwZ5PgEU0zptQTyq5QwmIOy2D0rpoxwvJr9n3ZkpITRHXlIWm8dbh06qGyQ8VbyEYlzAHmjtHSn8ZMavV8hOIVvqBcgiagI0UVNw1I1Yy443B1ykfb6D9SmEFOTxyXwT7HgI7fEk09lY-A8GwxTuIJG0oBugxOcBRsBnpd8oCOSBLIXX76z6Zy4W-Cly-ciNcpu1wHkYKfkCAeqKmJB8iwXSjFDlBnE-vBbKutlaotiHVUMJ2knhUAbNRbpsPsAtz_IVkPQZNndbMtkFPCHI"...
  protected $callback =&gt;
  NULL
  protected $encodingOptions =&gt;
  int(15)
  public $headers =&gt;
  class Symfony\Component\HttpFoundation\ResponseHeaderBag#140 (5) {
    protected $computedCacheControl =&gt;
    array(2) {
      'no-cache' =&gt;
      bool(true)
      'private' =&gt;
      bool(true)
    }
    protected $cookies =&gt;
    array(0) {
    }
    protected $headerNames =&gt;
    array(5) {
      'cache-control' =&gt;
      string(13) "Cache-Control"
      'date' =&gt;
      string(4) "Date"
      'content-type' =&gt;
      string(12) "Content-Type"
      'link' =&gt;
      string(4) "Link"
      'x-robots-tag' =&gt;
      string(12) "X-Robots-Tag"
    }
    protected $headers =&gt;
    array(5) {
      'cache-control' =&gt;
      array(1) {
        ...
      }
      'date' =&gt;
      array(1) {
        ...
      }
      'content-type' =&gt;
      array(1) {
        ...
      }
      'link' =&gt;
      array(1) {
        ...
      }
      'x-robots-tag' =&gt;
      array(1) {
        ...
      }
    }
    protected $cacheControl =&gt;
    array(0) {
    }
  }
  protected $content =&gt;
  string(857) "{"token":"eyJ0eXAiOiJKV1QiLCJhbGciOiJSUzI1NiJ9.eyJpYXQiOjE1NjQ1NzIwMDksImV4cCI6MTU2NDU3NTYwOSwicm9sZXMiOlsiUk9MRV9TVVBFUkFETUlOIiwiUk9MRV9BRE1JTiJdLCJ1c2VybmFtZSI6Im1hayJ9.LQdLaKsa-UbYIPCBFPbTk5B5BQ0t_kLLiYZqtz7CC_W2neWmSqp6nYVlNqq0BKIQhwZ5PgEU0zptQTyq5QwmIOy2D0rpoxwvJr9n3ZkpITRHXlIWm8dbh06qGyQ8VbyEYlzAHmjtHSn8ZMavV8hOIVvqBcgiagI0UVNw1I1Yy443B1ykfb6D9SmEFOTxyXwT7HgI7fEk09lY-A8GwxTuIJG0oBugxOcBRsBnpd8oCOSBLIXX76z6Zy4W-Cly-ciNcpu1wHkYKfkCAeqKmJB8iwXSjFDlBnE-vBbKutlaotiHVUMJ2knhUAbNRbpsPsAtz_IVkPQZNndbMtkFPCHI"...
  protected $version =&gt;
  string(3) "1.1"
  protected $statusCode =&gt;
  int(200)
  protected $statusText =&gt;
  string(2) "OK"
  protected $charset =&gt;
  string(5) "UTF-8"
}
</system-out>
      </testcase>
      <testcase name="testLoginKO" class="App\Tests\UtilisateurControllerTest" classname="App.Tests.UtilisateurControllerTest" file="/home/dmg/Documents/Sonatel Academy/KGtranfert/tests/UtilisateurControllerTest.php" line="80" assertions="1" time="0.149671">
        <system-out>/home/dmg/Documents/Sonatel Academy/KGtranfert/tests/UtilisateurControllerTest.php:97:
class Lexik\Bundle\JWTAuthenticationBundle\Response\JWTAuthenticationFailureResponse#538 (10) {
  private $message =&gt;
  string(15) "Bad credentials"
  protected $data =&gt;
  string(40) "{"code":401,"message":"Bad credentials"}"
  protected $callback =&gt;
  NULL
  protected $encodingOptions =&gt;
  int(15)
  public $headers =&gt;
  class Symfony\Component\HttpFoundation\ResponseHeaderBag#612 (5) {
    protected $computedCacheControl =&gt;
    array(2) {
      'no-cache' =&gt;
      bool(true)
      'private' =&gt;
      bool(true)
    }
    protected $cookies =&gt;
    array(0) {
    }
    protected $headerNames =&gt;
    array(6) {
      'www-authenticate' =&gt;
      string(16) "WWW-Authenticate"
      'cache-control' =&gt;
      string(13) "Cache-Control"
      'date' =&gt;
      string(4) "Date"
      'content-type' =&gt;
      string(12) "Content-Type"
      'link' =&gt;
      string(4) "Link"
      'x-robots-tag' =&gt;
      string(12) "X-Robots-Tag"
    }
    protected $headers =&gt;
    array(6) {
      'www-authenticate' =&gt;
      array(1) {
        ...
      }
      'cache-control' =&gt;
      array(1) {
        ...
      }
      'date' =&gt;
      array(1) {
        ...
      }
      'content-type' =&gt;
      array(1) {
        ...
      }
      'link' =&gt;
      array(1) {
        ...
      }
      'x-robots-tag' =&gt;
      array(1) {
        ...
      }
    }
    protected $cacheControl =&gt;
    array(0) {
    }
  }
  protected $content =&gt;
  string(40) "{"code":401,"message":"Bad credentials"}"
  protected $version =&gt;
  string(3) "1.1"
  protected $statusCode =&gt;
  int(401)
  protected $statusText =&gt;
  string(12) "Unauthorized"
  protected $charset =&gt;
  string(5) "UTF-8"
}
</system-out>
      </testcase>
      <testcase name="testRegister" class="App\Tests\UtilisateurControllerTest" classname="App.Tests.UtilisateurControllerTest" file="/home/dmg/Documents/Sonatel Academy/KGtranfert/tests/UtilisateurControllerTest.php" line="101" assertions="1" time="0.770545">
        <system-out>/home/dmg/Documents/Sonatel Academy/KGtranfert/tests/UtilisateurControllerTest.php:122:
class Symfony\Component\HttpFoundation\JsonResponse#1636 (9) {
  protected $data =&gt;
  string(76) "{"status":201,"message":"L\u0027utilisateur a \u00e9t\u00e9 cr\u00e9\u00e9"}"
  protected $callback =&gt;
  NULL
  protected $encodingOptions =&gt;
  int(15)
  public $headers =&gt;
  class Symfony\Component\HttpFoundation\ResponseHeaderBag#1638 (5) {
    protected $computedCacheControl =&gt;
    array(2) {
      'no-cache' =&gt;
      bool(true)
      'private' =&gt;
      bool(true)
    }
    protected $cookies =&gt;
    array(0) {
    }
    protected $headerNames =&gt;
    array(5) {
      'cache-control' =&gt;
      string(13) "Cache-Control"
      'date' =&gt;
      string(4) "Date"
      'content-type' =&gt;
      string(12) "Content-Type"
      'link' =&gt;
      string(4) "Link"
      'x-robots-tag' =&gt;
      string(12) "X-Robots-Tag"
    }
    protected $headers =&gt;
    array(5) {
      'cache-control' =&gt;
      array(1) {
        ...
      }
      'date' =&gt;
      array(1) {
        ...
      }
      'content-type' =&gt;
      array(1) {
        ...
      }
      'link' =&gt;
      array(1) {
        ...
      }
      'x-robots-tag' =&gt;
      array(1) {
        ...
      }
    }
    protected $cacheControl =&gt;
    array(0) {
    }
  }
  protected $content =&gt;
  string(76) "{"status":201,"message":"L\u0027utilisateur a \u00e9t\u00e9 cr\u00e9\u00e9"}"
  protected $version =&gt;
  string(3) "1.1"
  protected $statusCode =&gt;
  int(201)
  protected $statusText =&gt;
  string(7) "Created"
  protected $charset =&gt;
  string(5) "UTF-8"
}
</system-out>
      </testcase>
    </testsuite>
  </testsuite>
</testsuites>
